<?xml version="1.0" encoding="UTF-8"?>
<!-- Generated by org.testng.reporters.JUnitXMLReporter -->
<testsuite hostname="DESKTOP-AMM7699" ignored="0" name="Test" tests="10" failures="5" timestamp="18 May 2018 17:28:53 GMT" time="64.185" errors="0">
  <testcase name="testClearButton" time="3.669" classname="settingsTab.TestSettings"/>
  <testcase name="testSaveButton" time="4.057" classname="settingsTab.TestSettings"/>
  <testcase name="testSaveButtonInvalidValues" time="1.748" classname="settingsTab.TestSettings">
    <failure type="java.lang.AssertionError" message="expected [false] but found [true]">
      <![CDATA[java.lang.AssertionError: expected [false] but found [true]
at settingsTab.TestSettings.testSaveButtonInvalidValues(TestSettings.java:284)
... Removed 29 stack frames]]>
    </failure>
  </testcase> <!-- testSaveButtonInvalidValues -->
  <testcase name="testSettingsTab" time="0.02" classname="settingsTab.TestSettings"/>
  <testcase name="testTimelineTrainersPerPage" time="4.969" classname="settingsTab.TestSettings"/>
  <testcase name="testTimelineTrainersPerPage" time="5.693" classname="settingsTab.TestSettings"/>
  <testcase name="testDefaultBatchLength" time="4.296" classname="settingsTab.TestSettings">
    <failure type="java.lang.AssertionError" message="expected [11] but found [10]">
      <![CDATA[java.lang.AssertionError: expected [11] but found [10]
at settingsTab.TestSettings.testDefaultBatchLength(TestSettings.java:168)
... Removed 31 stack frames]]>
    </failure>
  </testcase> <!-- testDefaultBatchLength -->
  <testcase name="testDefaultBatchLength" time="4.186" classname="settingsTab.TestSettings">
    <failure type="java.lang.AssertionError" message="expected [12] but found [10]">
      <![CDATA[java.lang.AssertionError: expected [12] but found [10]
at settingsTab.TestSettings.testDefaultBatchLength(TestSettings.java:168)
... Removed 31 stack frames]]>
    </failure>
  </testcase> <!-- testDefaultBatchLength -->
  <testcase name="testDefaultBatchLocation" time="11.207" classname="settingsTab.TestSettings">
    <failure type="org.openqa.selenium.TimeoutException" message="Expected condition failed: waiting for visibility of all elements located by By.xpath: /html/body/div[3]/md-select-menu/md-content/md-option (tried for 10 second(s) with 200 milliseconds interval)
Build info: version: &amp;apos;3.12.0&amp;apos;, revision: &amp;apos;7c6e0b3&amp;apos;, time: &amp;apos;2018-05-08T14:04:26.12Z&amp;apos;
System info: host: &amp;apos;DESKTOP-AMM7699&amp;apos;, ip: &amp;apos;192.168.51.86&amp;apos;, os.name: &amp;apos;Windows 10&amp;apos;, os.arch: &amp;apos;amd64&amp;apos;, os.version: &amp;apos;10.0&amp;apos;, java.version: &amp;apos;1.8.0_162&amp;apos;
Driver info: org.openqa.selenium.chrome.ChromeDriver
Capabilities {acceptInsecureCerts: false, acceptSslCerts: false, applicationCacheEnabled: false, browserConnectionEnabled: false, browserName: chrome, chrome: {chromedriverVersion: 2.38.552522 (437e6fbedfa876..., userDataDir: C:\Users\azncd\AppData\Loca...}, cssSelectorsEnabled: true, databaseEnabled: false, handlesAlerts: true, hasTouchScreen: false, javascriptEnabled: true, locationContextEnabled: true, mobileEmulationEnabled: false, nativeEvents: true, networkConnectionEnabled: false, pageLoadStrategy: normal, platform: XP, platformName: XP, rotatable: false, setWindowRect: true, takesHeapSnapshot: true, takesScreenshot: true, unexpectedAlertBehaviour: , unhandledPromptBehavior: , version: 66.0.3359.181, webStorageEnabled: true}
Session ID: 00ed6eed63fba12e91a0702b284625f2">
      <![CDATA[org.openqa.selenium.TimeoutException: Expected condition failed: waiting for visibility of all elements located by By.xpath: /html/body/div[3]/md-select-menu/md-content/md-option (tried for 10 second(s) with 200 milliseconds interval)
Build info: version: '3.12.0', revision: '7c6e0b3', time: '2018-05-08T14:04:26.12Z'
System info: host: 'DESKTOP-AMM7699', ip: '192.168.51.86', os.name: 'Windows 10', os.arch: 'amd64', os.version: '10.0', java.version: '1.8.0_162'
Driver info: org.openqa.selenium.chrome.ChromeDriver
Capabilities {acceptInsecureCerts: false, acceptSslCerts: false, applicationCacheEnabled: false, browserConnectionEnabled: false, browserName: chrome, chrome: {chromedriverVersion: 2.38.552522 (437e6fbedfa876..., userDataDir: C:\Users\azncd\AppData\Loca...}, cssSelectorsEnabled: true, databaseEnabled: false, handlesAlerts: true, hasTouchScreen: false, javascriptEnabled: true, locationContextEnabled: true, mobileEmulationEnabled: false, nativeEvents: true, networkConnectionEnabled: false, pageLoadStrategy: normal, platform: XP, platformName: XP, rotatable: false, setWindowRect: true, takesHeapSnapshot: true, takesScreenshot: true, unexpectedAlertBehaviour: , unhandledPromptBehavior: , version: 66.0.3359.181, webStorageEnabled: true}
Session ID: 00ed6eed63fba12e91a0702b284625f2
at org.openqa.selenium.support.ui.WebDriverWait.timeoutException(WebDriverWait.java:81)
at org.openqa.selenium.support.ui.FluentWait.until(FluentWait.java:271)
at settingsTab.TestSettings.testDefaultBatchLocation(TestSettings.java:121)
... Removed 25 stack frames]]>
    </failure>
  </testcase> <!-- testDefaultBatchLocation -->
  <testcase name="testDefaultBatchLocation" time="10.22" classname="settingsTab.TestSettings">
    <failure type="org.openqa.selenium.TimeoutException" message="Expected condition failed: waiting for visibility of all elements located by By.xpath: /html/body/div[3]/md-select-menu/md-content/md-option (tried for 10 second(s) with 200 milliseconds interval)
Build info: version: &amp;apos;3.12.0&amp;apos;, revision: &amp;apos;7c6e0b3&amp;apos;, time: &amp;apos;2018-05-08T14:04:26.12Z&amp;apos;
System info: host: &amp;apos;DESKTOP-AMM7699&amp;apos;, ip: &amp;apos;192.168.51.86&amp;apos;, os.name: &amp;apos;Windows 10&amp;apos;, os.arch: &amp;apos;amd64&amp;apos;, os.version: &amp;apos;10.0&amp;apos;, java.version: &amp;apos;1.8.0_162&amp;apos;
Driver info: org.openqa.selenium.chrome.ChromeDriver
Capabilities {acceptInsecureCerts: false, acceptSslCerts: false, applicationCacheEnabled: false, browserConnectionEnabled: false, browserName: chrome, chrome: {chromedriverVersion: 2.38.552522 (437e6fbedfa876..., userDataDir: C:\Users\azncd\AppData\Loca...}, cssSelectorsEnabled: true, databaseEnabled: false, handlesAlerts: true, hasTouchScreen: false, javascriptEnabled: true, locationContextEnabled: true, mobileEmulationEnabled: false, nativeEvents: true, networkConnectionEnabled: false, pageLoadStrategy: normal, platform: XP, platformName: XP, rotatable: false, setWindowRect: true, takesHeapSnapshot: true, takesScreenshot: true, unexpectedAlertBehaviour: , unhandledPromptBehavior: , version: 66.0.3359.181, webStorageEnabled: true}
Session ID: 00ed6eed63fba12e91a0702b284625f2">
      <![CDATA[org.openqa.selenium.TimeoutException: Expected condition failed: waiting for visibility of all elements located by By.xpath: /html/body/div[3]/md-select-menu/md-content/md-option (tried for 10 second(s) with 200 milliseconds interval)
Build info: version: '3.12.0', revision: '7c6e0b3', time: '2018-05-08T14:04:26.12Z'
System info: host: 'DESKTOP-AMM7699', ip: '192.168.51.86', os.name: 'Windows 10', os.arch: 'amd64', os.version: '10.0', java.version: '1.8.0_162'
Driver info: org.openqa.selenium.chrome.ChromeDriver
Capabilities {acceptInsecureCerts: false, acceptSslCerts: false, applicationCacheEnabled: false, browserConnectionEnabled: false, browserName: chrome, chrome: {chromedriverVersion: 2.38.552522 (437e6fbedfa876..., userDataDir: C:\Users\azncd\AppData\Loca...}, cssSelectorsEnabled: true, databaseEnabled: false, handlesAlerts: true, hasTouchScreen: false, javascriptEnabled: true, locationContextEnabled: true, mobileEmulationEnabled: false, nativeEvents: true, networkConnectionEnabled: false, pageLoadStrategy: normal, platform: XP, platformName: XP, rotatable: false, setWindowRect: true, takesHeapSnapshot: true, takesScreenshot: true, unexpectedAlertBehaviour: , unhandledPromptBehavior: , version: 66.0.3359.181, webStorageEnabled: true}
Session ID: 00ed6eed63fba12e91a0702b284625f2
at org.openqa.selenium.support.ui.WebDriverWait.timeoutException(WebDriverWait.java:81)
at org.openqa.selenium.support.ui.FluentWait.until(FluentWait.java:271)
at settingsTab.TestSettings.testDefaultBatchLocation(TestSettings.java:121)
... Removed 25 stack frames]]>
    </failure>
  </testcase> <!-- testDefaultBatchLocation -->
</testsuite> <!-- Test -->
